  Component.cpp
d:\universidad\cuarto\motores\motoraco\motorgráfico\imperfect_engine\engine\code\sources\component.cpp(10): fatal error C1083: No se puede abrir el archivo incluir: 'Component.hpp': No such file or directory
  Entity.cpp
d:\universidad\cuarto\motores\motoraco\motorgráfico\imperfect_engine\engine\code\sources\entity.cpp(9): fatal error C1083: No se puede abrir el archivo incluir: 'Entity.hpp': No such file or directory
  Kernel.cpp
d:\universidad\cuarto\motores\motoraco\motorgráfico\imperfect_engine\engine\code\sources\kernel.cpp(9): fatal error C1083: No se puede abrir el archivo incluir: 'Kernel.hpp': No such file or directory
  Keyboard.cpp
d:\universidad\cuarto\motores\motoraco\motorgráfico\imperfect_engine\engine\code\sources\keyboard.cpp(4): fatal error C1083: No se puede abrir el archivo incluir: 'SDL.h': No such file or directory
  Mesh_Component.cpp
d:\universidad\cuarto\motores\motoraco\motorgráfico\imperfect_engine\engine\code\sources\mesh_component.cpp(3): fatal error C1083: No se puede abrir el archivo incluir: 'Mesh_Component.hpp': No such file or directory
  Message_Handler.cpp
d:\universidad\cuarto\motores\motoraco\motorgráfico\imperfect_engine\engine\code\sources\message_handler.cpp(3): fatal error C1083: No se puede abrir el archivo incluir: 'Message_Handler.h': No such file or directory
  Module.cpp
d:\universidad\cuarto\motores\motoraco\motorgráfico\imperfect_engine\engine\code\sources\module.cpp(10): fatal error C1083: No se puede abrir el archivo incluir: 'Module.hpp': No such file or directory
  Render_Module.cpp
d:\universidad\cuarto\motores\motoraco\motorgráfico\imperfect_engine\engine\code\sources\render_module.cpp(9): fatal error C1083: No se puede abrir el archivo incluir: 'Render_Module.hpp': No such file or directory
  Scene.cpp
d:\universidad\cuarto\motores\motoraco\motorgráfico\imperfect_engine\engine\code\sources\scene.cpp(9): fatal error C1083: No se puede abrir el archivo incluir: 'Scene.hpp': No such file or directory
  Task.cpp
d:\universidad\cuarto\motores\motoraco\motorgráfico\imperfect_engine\engine\code\sources\task.cpp(9): fatal error C1083: No se puede abrir el archivo incluir: 'Task.hpp': No such file or directory
  Transform_Module.cpp
d:\universidad\cuarto\motores\motoraco\motorgráfico\imperfect_engine\engine\code\sources\transform_module.cpp(9): fatal error C1083: No se puede abrir el archivo incluir: 'Transform_Module.hpp': No such file or directory
  Window.cpp
d:\universidad\cuarto\motores\motoraco\motorgráfico\imperfect_engine\engine\code\sources\window.cpp(9): fatal error C1083: No se puede abrir el archivo incluir: 'SDL.h': No such file or directory
  Generando código...
